<?xml version="1.0" encoding="UTF-8" ?>
<testsuite errors="0" failures="0" hostname="ubuntu-Lenovo-IdeaPad-S540-15IWL-D" name="com.google.appinventor.server.encryption.KeyczarEncryptorTest" skipped="0" tests="2" time="0.244" timestamp="2023-05-22T18:48:39">
  <properties>
[...]
</properties>
  <testcase classname="com.google.appinventor.server.encryption.KeyczarEncryptorTest" name="testDecryptionOfNotEncrypted" time="0.14" />
  <testcase classname="com.google.appinventor.server.encryption.KeyczarEncryptorTest" name="testEncryptionDecryption" time="0.102" />
  <system-out><![CDATA[]]></system-out>
  <system-err><![CDATA[log4j:WARN No appenders could be found for logger (org.keyczar.Keyczar).
log4j:WARN Please initialize the log4j system properly.
]]></system-err>
</testsuite>
