<?xml version="1.0" encoding="UTF-8" ?>
<testsuite errors="0" failures="0" hostname="ubuntu-Lenovo-IdeaPad-S540-15IWL-D" name="com.google.appinventor.shared.storage.StorageUtilTest" skipped="0" tests="6" time="0.006" timestamp="2023-05-22T18:48:20">
  <properties>
[...]
</properties>
  <testcase classname="com.google.appinventor.shared.storage.StorageUtilTest" name="testTrimOffExtension" time="0.0" />
  <testcase classname="com.google.appinventor.shared.storage.StorageUtilTest" name="testBasename" time="0.001" />
  <testcase classname="com.google.appinventor.shared.storage.StorageUtilTest" name="testGetPackageName" time="0.0" />
  <testcase classname="com.google.appinventor.shared.storage.StorageUtilTest" name="testGetContentTypeForFilePath" time="0.001" />
  <testcase classname="com.google.appinventor.shared.storage.StorageUtilTest" name="testIsImageFile" time="0.0" />
  <testcase classname="com.google.appinventor.shared.storage.StorageUtilTest" name="testIsTextFile" time="0.0" />
  <system-out><![CDATA[]]></system-out>
  <system-err><![CDATA[]]></system-err>
</testsuite>
