<?xml version="1.0" encoding="UTF-8" ?>
<testsuite errors="0" failures="0" hostname="ubuntu-Lenovo-IdeaPad-S540-15IWL-D" name="com.google.appinventor.client.youngandroid.TextValidatorsTest" skipped="0" tests="3" time="0.008" timestamp="2023-05-22T18:48:14">
  <properties>
[...]
</properties>
  <testcase classname="com.google.appinventor.client.youngandroid.TextValidatorsTest" name="testIdentifierFilter" time="0.003"></testcase>
  <testcase classname="com.google.appinventor.client.youngandroid.TextValidatorsTest" name="testComponentIdentifierFilter" time="0.001"></testcase>
  <testcase classname="com.google.appinventor.client.youngandroid.TextValidatorsTest" name="testReservedNameFilter" time="0.0"></testcase>
  <system-out><![CDATA[]]></system-out>
  <system-err><![CDATA[]]></system-err>
</testsuite>
