<?xml version="1.0" encoding="UTF-8" ?>
<testsuite errors="0" failures="1" hostname="ubuntu-Lenovo-IdeaPad-S540-15IWL-D" name="com.google.appinventor.blocklyeditor.BlocklyCodeGeneratorTest" skipped="0" tests="1" time="0.099" timestamp="2023-05-22T18:48:45">
  <properties>
[...]
</properties>
  <testcase classname="com.google.appinventor.blocklyeditor.BlocklyCodeGeneratorTest" name="testListsAddItems" time="0.029">
    <failure message="null expected:&lt;[true]&gt; but was:&lt;[]&gt;" type="junit.framework.ComparisonFailure">junit.framework.ComparisonFailure: null expected:&lt;[true]&gt; but was:&lt;[]&gt;
	at com.google.appinventor.blocklyeditor.BlocklyCodeGeneratorTest.testListsAddItems(BlocklyCodeGeneratorTest.java:38)
</failure>
  </testcase>
  <system-out><![CDATA[CodeBlocksProcessHelper: Error trying to exec command: Cannot run program "phantomjs": error=2, No such file or directory
]]></system-out>
  <system-err><![CDATA[java.io.IOException: 
	at com.google.appinventor.blocklyeditor.CodeBlocksProcessHelper.exec(CodeBlocksProcessHelper.java:122)
	at com.google.appinventor.blocklyeditor.BlocklyTestUtils.generatorTest(BlocklyTestUtils.java:25)
	at com.google.appinventor.blocklyeditor.BlocklyCodeGeneratorTest.testListsAddItems(BlocklyCodeGeneratorTest.java:36)
	at sun.reflect.NativeMethodAccessorImpl.invoke0(Native Method)
	at sun.reflect.NativeMethodAccessorImpl.invoke(NativeMethodAccessorImpl.java:62)
	at sun.reflect.DelegatingMethodAccessorImpl.invoke(DelegatingMethodAccessorImpl.java:43)
	at java.lang.reflect.Method.invoke(Method.java:498)
	at junit.framework.TestCase.runTest(TestCase.java:168)
	at junit.framework.TestCase.runBare(TestCase.java:134)
	at junit.framework.TestResult$1.protect(TestResult.java:110)
	at junit.framework.TestResult.runProtected(TestResult.java:128)
	at junit.framework.TestResult.run(TestResult.java:113)
	at junit.framework.TestCase.run(TestCase.java:124)
	at junit.framework.TestSuite.runTest(TestSuite.java:243)
	at junit.framework.TestSuite.run(TestSuite.java:238)
	at org.apache.tools.ant.taskdefs.optional.junit.JUnitTestRunner.run(JUnitTestRunner.java:534)
	at org.apache.tools.ant.taskdefs.optional.junit.JUnitTestRunner.launch(JUnitTestRunner.java:1196)
	at org.apache.tools.ant.taskdefs.optional.junit.JUnitTestRunner.main(JUnitTestRunner.java:1014)
]]></system-err>
</testsuite>
